# JRE version: OpenJDK Runtime Environment (8.0_152-b02) (build 1.8.0_152-release-1024-b02)
# Java VM: OpenJDK 64-Bit Server VM (25.152-b02 mixed mode windows-amd64 compressed oops)
Heap:
 PSYoungGen      total 144896K, used 73915K [0x00000000e0000000, 0x00000000eb480000, 0x0000000100000000)
  eden space 130560K, 56% used [0x00000000e0000000,0x00000000e482ee20,0x00000000e7f80000)
  from space 14336K, 0% used [0x00000000e8300000,0x00000000e8300000,0x00000000e9100000)
  to   space 27136K, 0% used [0x00000000e9a00000,0x00000000e9a00000,0x00000000eb480000)
 ParOldGen       total 241664K, used 74373K [0x00000000a0000000, 0x00000000aec00000, 0x00000000e0000000)
  object space 241664K, 30% used [0x00000000a0000000,0x00000000a48a1670,0x00000000aec00000)
 Metaspace       used 95133K, capacity 99242K, committed 99416K, reserved 1136640K
  class space    used 12176K, capacity 13042K, committed 13184K, reserved 1048576K
GC Heap History (10 events):
Event: 427.467 GC heap before
{Heap before GC invocations=25 (full 3):
 PSYoungGen      total 170496K, used 170474K [0x00000000e0000000, 0x00000000ec900000, 0x0000000100000000)
  eden space 145408K, 100% used [0x00000000e0000000,0x00000000e8e00000,0x00000000e8e00000)
  from space 25088K, 99% used [0x00000000e9200000,0x00000000eaa7aa40,0x00000000eaa80000)
  to   space 30208K, 0% used [0x00000000eab80000,0x00000000eab80000,0x00000000ec900000)
 ParOldGen       total 147456K, used 64305K [0x00000000a0000000, 0x00000000a9000000, 0x00000000e0000000)
  object space 147456K, 43% used [0x00000000a0000000,0x00000000a3ecc7d0,0x00000000a9000000)
 Metaspace       used 89839K, capacity 93772K, committed 93784K, reserved 1130496K
  class space    used 11555K, capacity 12404K, committed 12416K, reserved 1048576K
Event: 427.498 GC heap after
Heap after GC invocations=25 (full 3):
 PSYoungGen      total 166400K, used 8619K [0x00000000e0000000, 0x00000000ec400000, 0x0000000100000000)
  eden space 141312K, 0% used [0x00000000e0000000,0x00000000e0000000,0x00000000e8a00000)
  from space 25088K, 34% used [0x00000000eab80000,0x00000000eb3eaf58,0x00000000ec400000)
  to   space 29696K, 0% used [0x00000000e8a00000,0x00000000e8a00000,0x00000000ea700000)
 ParOldGen       total 147456K, used 79702K [0x00000000a0000000, 0x00000000a9000000, 0x00000000e0000000)
  object space 147456K, 54% used [0x00000000a0000000,0x00000000a4dd59e8,0x00000000a9000000)
 Metaspace       used 89839K, capacity 93772K, committed 93784K, reserved 1130496K
  class space    used 11555K, capacity 12404K, committed 12416K, reserved 1048576K
}
Event: 431.504 GC heap before
{Heap before GC invocations=26 (full 3):
 PSYoungGen      total 166400K, used 149931K [0x00000000e0000000, 0x00000000ec400000, 0x0000000100000000)
  eden space 141312K, 100% used [0x00000000e0000000,0x00000000e8a00000,0x00000000e8a00000)
  from space 25088K, 34% used [0x00000000eab80000,0x00000000eb3eaf58,0x00000000ec400000)
  to   space 29696K, 0% used [0x00000000e8a00000,0x00000000e8a00000,0x00000000ea700000)
 ParOldGen       total 147456K, used 79702K [0x00000000a0000000, 0x00000000a9000000, 0x00000000e0000000)
  object space 147456K, 54% used [0x00000000a0000000,0x00000000a4dd59e8,0x00000000a9000000)
 Metaspace       used 90292K, capacity 94342K, committed 94424K, reserved 1130496K
  class space    used 11602K, capacity 12489K, committed 12544K, reserved 1048576K
Event: 431.520 GC heap after
Heap after GC invocations=26 (full 3):
 PSYoungGen      total 145408K, used 7440K [0x00000000e0000000, 0x00000000ebf80000, 0x0000000100000000)
  eden space 137728K, 0% used [0x00000000e0000000,0x00000000e0000000,0x00000000e8680000)
  from space 7680K, 96% used [0x00000000e8a00000,0x00000000e9144210,0x00000000e9180000)
  to   space 29184K, 0% used [0x00000000ea300000,0x00000000ea300000,0x00000000ebf80000)
 ParOldGen       total 147456K, used 79710K [0x00000000a0000000, 0x00000000a9000000, 0x00000000e0000000)
  object space 147456K, 54% used [0x00000000a0000000,0x00000000a4dd79e8,0x00000000a9000000)
 Metaspace       used 90292K, capacity 94342K, committed 94424K, reserved 1130496K
  class space    used 11602K, capacity 12489K, committed 12544K, reserved 1048576K
}
Event: 433.844 GC heap before
{Heap before GC invocations=27 (full 3):
 PSYoungGen      total 145408K, used 145168K [0x00000000e0000000, 0x00000000ebf80000, 0x0000000100000000)
  eden space 137728K, 100% used [0x00000000e0000000,0x00000000e8680000,0x00000000e8680000)
  from space 7680K, 96% used [0x00000000e8a00000,0x00000000e9144210,0x00000000e9180000)
  to   space 29184K, 0% used [0x00000000ea300000,0x00000000ea300000,0x00000000ebf80000)
 ParOldGen       total 147456K, used 79710K [0x00000000a0000000, 0x00000000a9000000, 0x00000000e0000000)
  object space 147456K, 54% used [0x00000000a0000000,0x00000000a4dd79e8,0x00000000a9000000)
 Metaspace       used 90298K, capacity 94342K, committed 94424K, reserved 1130496K
  class space    used 11602K, capacity 12489K, committed 12544K, reserved 1048576K
Event: 433.858 GC heap after
Heap after GC invocations=27 (full 3):
 PSYoungGen      total 157696K, used 8230K [0x00000000e0000000, 0x00000000eba00000, 0x0000000100000000)
  eden space 134144K, 0% used [0x00000000e0000000,0x00000000e0000000,0x00000000e8300000)
  from space 23552K, 34% used [0x00000000ea300000,0x00000000eab098a8,0x00000000eba00000)
  to   space 28160K, 0% used [0x00000000e8300000,0x00000000e8300000,0x00000000e9e80000)
 ParOldGen       total 147456K, used 79718K [0x00000000a0000000, 0x00000000a9000000, 0x00000000e0000000)
  object space 147456K, 54% used [0x00000000a0000000,0x00000000a4dd99e8,0x00000000a9000000)
 Metaspace       used 90298K, capacity 94342K, committed 94424K, reserved 1130496K
  class space    used 11602K, capacity 12489K, committed 12544K, reserved 1048576K
}
Event: 439.523 GC heap before
{Heap before GC invocations=28 (full 3):
 PSYoungGen      total 157696K, used 89231K [0x00000000e0000000, 0x00000000eba00000, 0x0000000100000000)
  eden space 134144K, 60% used [0x00000000e0000000,0x00000000e4f1a3a8,0x00000000e8300000)
  from space 23552K, 34% used [0x00000000ea300000,0x00000000eab098a8,0x00000000eba00000)
  to   space 28160K, 0% used [0x00000000e8300000,0x00000000e8300000,0x00000000e9e80000)
 ParOldGen       total 147456K, used 79718K [0x00000000a0000000, 0x00000000a9000000, 0x00000000e0000000)
  object space 147456K, 54% used [0x00000000a0000000,0x00000000a4dd99e8,0x00000000a9000000)
 Metaspace       used 94162K, capacity 98150K, committed 98264K, reserved 1134592K
  class space    used 12101K, capacity 12969K, committed 13056K, reserved 1048576K
Event: 439.538 GC heap after
Heap after GC invocations=28 (full 3):
 PSYoungGen      total 144896K, used 14130K [0x00000000e0000000, 0x00000000eb480000, 0x0000000100000000)
  eden space 130560K, 0% used [0x00000000e0000000,0x00000000e0000000,0x00000000e7f80000)
  from space 14336K, 98% used [0x00000000e8300000,0x00000000e90ccad8,0x00000000e9100000)
  to   space 27136K, 0% used [0x00000000e9a00000,0x00000000e9a00000,0x00000000eb480000)
 ParOldGen       total 147456K, used 79726K [0x00000000a0000000, 0x00000000a9000000, 0x00000000e0000000)
  object space 147456K, 54% used [0x00000000a0000000,0x00000000a4ddb9e8,0x00000000a9000000)
 Metaspace       used 94162K, capacity 98150K, committed 98264K, reserved 1134592K
  class space    used 12101K, capacity 12969K, committed 13056K, reserved 1048576K
}
Event: 439.538 GC heap before
{Heap before GC invocations=29 (full 4):
 PSYoungGen      total 144896K, used 14130K [0x00000000e0000000, 0x00000000eb480000, 0x0000000100000000)
  eden space 130560K, 0% used [0x00000000e0000000,0x00000000e0000000,0x00000000e7f80000)
  from space 14336K, 98% used [0x00000000e8300000,0x00000000e90ccad8,0x00000000e9100000)
  to   space 27136K, 0% used [0x00000000e9a00000,0x00000000e9a00000,0x00000000eb480000)
 ParOldGen       total 147456K, used 79726K [0x00000000a0000000, 0x00000000a9000000, 0x00000000e0000000)
  object space 147456K, 54% used [0x00000000a0000000,0x00000000a4ddb9e8,0x00000000a9000000)
 Metaspace       used 94162K, capacity 98150K, committed 98264K, reserved 1134592K
  class space    used 12101K, capacity 12969K, committed 13056K, reserved 1048576K
Event: 439.911 GC heap after
Heap after GC invocations=29 (full 4):
 PSYoungGen      total 144896K, used 0K [0x00000000e0000000, 0x00000000eb480000, 0x0000000100000000)
  eden space 130560K, 0% used [0x00000000e0000000,0x00000000e0000000,0x00000000e7f80000)
  from space 14336K, 0% used [0x00000000e8300000,0x00000000e8300000,0x00000000e9100000)
  to   space 27136K, 0% used [0x00000000e9a00000,0x00000000e9a00000,0x00000000eb480000)
 ParOldGen       total 241664K, used 74373K [0x00000000a0000000, 0x00000000aec00000, 0x00000000e0000000)
  object space 241664K, 30% used [0x00000000a0000000,0x00000000a48a1670,0x00000000aec00000)
 Metaspace       used 94098K, capacity 98010K, committed 98264K, reserved 1134592K
  class space    used 12081K, capacity 12944K, committed 13056K, reserved 1048576K
}

