# JRE version: OpenJDK Runtime Environment (8.0_152-b02) (build 1.8.0_152-release-1024-b02)
# Java VM: OpenJDK 64-Bit Server VM (25.152-b02 mixed mode windows-amd64 compressed oops)
Heap:
 PSYoungGen      total 285696K, used 14035K [0x00000000e0000000, 0x00000000f5c00000, 0x0000000100000000)
  eden space 273920K, 0% used [0x00000000e0000000,0x00000000e023a7d0,0x00000000f0b80000)
  from space 11776K, 99% used [0x00000000f2000000,0x00000000f2b7a548,0x00000000f2b80000)
  to   space 20992K, 0% used [0x00000000f0b80000,0x00000000f0b80000,0x00000000f2000000)
 ParOldGen       total 116736K, used 72817K [0x00000000a0000000, 0x00000000a7200000, 0x00000000e0000000)
  object space 116736K, 62% used [0x00000000a0000000,0x00000000a471c4a8,0x00000000a7200000)
 Metaspace       used 63985K, capacity 66526K, committed 66648K, reserved 1107968K
  class space    used 8523K, capacity 9020K, committed 9088K, reserved 1048576K
GC Heap History (10 events):
Event: 29.252 GC heap before
{Heap before GC invocations=25 (full 3):
 PSYoungGen      total 292352K, used 281272K [0x00000000e0000000, 0x00000000f2b80000, 0x0000000100000000)
  eden space 278016K, 100% used [0x00000000e0000000,0x00000000f0f80000,0x00000000f0f80000)
  from space 14336K, 22% used [0x00000000f0f80000,0x00000000f12ae3a0,0x00000000f1d80000)
  to   space 11776K, 0% used [0x00000000f2000000,0x00000000f2000000,0x00000000f2b80000)
 ParOldGen       total 116736K, used 56721K [0x00000000a0000000, 0x00000000a7200000, 0x00000000e0000000)
  object space 116736K, 48% used [0x00000000a0000000,0x00000000a3764440,0x00000000a7200000)
 Metaspace       used 63061K, capacity 65530K, committed 65752K, reserved 1105920K
  class space    used 8446K, capacity 8952K, committed 8960K, reserved 1048576K
Event: 29.259 GC heap after
Heap after GC invocations=25 (full 3):
 PSYoungGen      total 289792K, used 1952K [0x00000000e0000000, 0x00000000f2b80000, 0x0000000100000000)
  eden space 278016K, 0% used [0x00000000e0000000,0x00000000e0000000,0x00000000f0f80000)
  from space 11776K, 16% used [0x00000000f2000000,0x00000000f21e8000,0x00000000f2b80000)
  to   space 14336K, 0% used [0x00000000f0f80000,0x00000000f0f80000,0x00000000f1d80000)
 ParOldGen       total 116736K, used 56729K [0x00000000a0000000, 0x00000000a7200000, 0x00000000e0000000)
  object space 116736K, 48% used [0x00000000a0000000,0x00000000a3766440,0x00000000a7200000)
 Metaspace       used 63061K, capacity 65530K, committed 65752K, reserved 1105920K
  class space    used 8446K, capacity 8952K, committed 8960K, reserved 1048576K
}
Event: 30.391 GC heap before
{Heap before GC invocations=26 (full 3):
 PSYoungGen      total 289792K, used 279968K [0x00000000e0000000, 0x00000000f2b80000, 0x0000000100000000)
  eden space 278016K, 100% used [0x00000000e0000000,0x00000000f0f80000,0x00000000f0f80000)
  from space 11776K, 16% used [0x00000000f2000000,0x00000000f21e8000,0x00000000f2b80000)
  to   space 14336K, 0% used [0x00000000f0f80000,0x00000000f0f80000,0x00000000f1d80000)
 ParOldGen       total 116736K, used 56730K [0x00000000a0000000, 0x00000000a7200000, 0x00000000e0000000)
  object space 116736K, 48% used [0x00000000a0000000,0x00000000a3766a98,0x00000000a7200000)
 Metaspace       used 63086K, capacity 65530K, committed 65752K, reserved 1105920K
  class space    used 8446K, capacity 8952K, committed 8960K, reserved 1048576K
Event: 30.409 GC heap after
Heap after GC invocations=26 (full 3):
 PSYoungGen      total 292352K, used 4508K [0x00000000e0000000, 0x00000000f2b80000, 0x0000000100000000)
  eden space 278016K, 0% used [0x00000000e0000000,0x00000000e0000000,0x00000000f0f80000)
  from space 14336K, 31% used [0x00000000f0f80000,0x00000000f13e73c8,0x00000000f1d80000)
  to   space 11776K, 0% used [0x00000000f2000000,0x00000000f2000000,0x00000000f2b80000)
 ParOldGen       total 116736K, used 56738K [0x00000000a0000000, 0x00000000a7200000, 0x00000000e0000000)
  object space 116736K, 48% used [0x00000000a0000000,0x00000000a3768a98,0x00000000a7200000)
 Metaspace       used 63086K, capacity 65530K, committed 65752K, reserved 1105920K
  class space    used 8446K, capacity 8952K, committed 8960K, reserved 1048576K
}
Event: 31.360 GC heap before
{Heap before GC invocations=27 (full 3):
 PSYoungGen      total 292352K, used 282524K [0x00000000e0000000, 0x00000000f2b80000, 0x0000000100000000)
  eden space 278016K, 100% used [0x00000000e0000000,0x00000000f0f80000,0x00000000f0f80000)
  from space 14336K, 31% used [0x00000000f0f80000,0x00000000f13e73c8,0x00000000f1d80000)
  to   space 11776K, 0% used [0x00000000f2000000,0x00000000f2000000,0x00000000f2b80000)
 ParOldGen       total 116736K, used 56738K [0x00000000a0000000, 0x00000000a7200000, 0x00000000e0000000)
  object space 116736K, 48% used [0x00000000a0000000,0x00000000a3768a98,0x00000000a7200000)
 Metaspace       used 63106K, capacity 65594K, committed 65752K, reserved 1105920K
  class space    used 8446K, capacity 8952K, committed 8960K, reserved 1048576K
Event: 31.429 GC heap after
Heap after GC invocations=27 (full 3):
 PSYoungGen      total 289792K, used 10178K [0x00000000e0000000, 0x00000000f2b80000, 0x0000000100000000)
  eden space 278016K, 0% used [0x00000000e0000000,0x00000000e0000000,0x00000000f0f80000)
  from space 11776K, 86% used [0x00000000f2000000,0x00000000f29f0af8,0x00000000f2b80000)
  to   space 14336K, 0% used [0x00000000f0f80000,0x00000000f0f80000,0x00000000f1d80000)
 ParOldGen       total 116736K, used 56738K [0x00000000a0000000, 0x00000000a7200000, 0x00000000e0000000)
  object space 116736K, 48% used [0x00000000a0000000,0x00000000a3768a98,0x00000000a7200000)
 Metaspace       used 63106K, capacity 65594K, committed 65752K, reserved 1105920K
  class space    used 8446K, capacity 8952K, committed 8960K, reserved 1048576K
}
Event: 32.584 GC heap before
{Heap before GC invocations=28 (full 3):
 PSYoungGen      total 289792K, used 288194K [0x00000000e0000000, 0x00000000f2b80000, 0x0000000100000000)
  eden space 278016K, 100% used [0x00000000e0000000,0x00000000f0f80000,0x00000000f0f80000)
  from space 11776K, 86% used [0x00000000f2000000,0x00000000f29f0af8,0x00000000f2b80000)
  to   space 14336K, 0% used [0x00000000f0f80000,0x00000000f0f80000,0x00000000f1d80000)
 ParOldGen       total 116736K, used 56738K [0x00000000a0000000, 0x00000000a7200000, 0x00000000e0000000)
  object space 116736K, 48% used [0x00000000a0000000,0x00000000a3768a98,0x00000000a7200000)
 Metaspace       used 63142K, capacity 65608K, committed 65752K, reserved 1105920K
  class space    used 8447K, capacity 8955K, committed 8960K, reserved 1048576K
Event: 32.596 GC heap after
Heap after GC invocations=28 (full 3):
 PSYoungGen      total 292352K, used 3654K [0x00000000e0000000, 0x00000000f2b80000, 0x0000000100000000)
  eden space 278016K, 0% used [0x00000000e0000000,0x00000000e0000000,0x00000000f0f80000)
  from space 14336K, 25% used [0x00000000f0f80000,0x00000000f1311978,0x00000000f1d80000)
  to   space 11776K, 0% used [0x00000000f2000000,0x00000000f2000000,0x00000000f2b80000)
 ParOldGen       total 116736K, used 57138K [0x00000000a0000000, 0x00000000a7200000, 0x00000000e0000000)
  object space 116736K, 48% used [0x00000000a0000000,0x00000000a37ccac8,0x00000000a7200000)
 Metaspace       used 63142K, capacity 65608K, committed 65752K, reserved 1105920K
  class space    used 8447K, capacity 8955K, committed 8960K, reserved 1048576K
}
Event: 36.614 GC heap before
{Heap before GC invocations=29 (full 3):
 PSYoungGen      total 292352K, used 281670K [0x00000000e0000000, 0x00000000f2b80000, 0x0000000100000000)
  eden space 278016K, 100% used [0x00000000e0000000,0x00000000f0f80000,0x00000000f0f80000)
  from space 14336K, 25% used [0x00000000f0f80000,0x00000000f1311978,0x00000000f1d80000)
  to   space 11776K, 0% used [0x00000000f2000000,0x00000000f2000000,0x00000000f2b80000)
 ParOldGen       total 116736K, used 57138K [0x00000000a0000000, 0x00000000a7200000, 0x00000000e0000000)
  object space 116736K, 48% used [0x00000000a0000000,0x00000000a37ccac8,0x00000000a7200000)
 Metaspace       used 63984K, capacity 66526K, committed 66648K, reserved 1107968K
  class space    used 8523K, capacity 9020K, committed 9088K, reserved 1048576K
Event: 36.698 GC heap after
Heap after GC invocations=29 (full 3):
 PSYoungGen      total 285696K, used 11753K [0x00000000e0000000, 0x00000000f5c00000, 0x0000000100000000)
  eden space 273920K, 0% used [0x00000000e0000000,0x00000000e0000000,0x00000000f0b80000)
  from space 11776K, 99% used [0x00000000f2000000,0x00000000f2b7a548,0x00000000f2b80000)
  to   space 20992K, 0% used [0x00000000f0b80000,0x00000000f0b80000,0x00000000f2000000)
 ParOldGen       total 116736K, used 72817K [0x00000000a0000000, 0x00000000a7200000, 0x00000000e0000000)
  object space 116736K, 62% used [0x00000000a0000000,0x00000000a471c4a8,0x00000000a7200000)
 Metaspace       used 63984K, capacity 66526K, committed 66648K, reserved 1107968K
  class space    used 8523K, capacity 9020K, committed 9088K, reserved 1048576K
}

