# JRE version: OpenJDK Runtime Environment (8.0_152-b02) (build 1.8.0_152-release-1024-b02)
# Java VM: OpenJDK 64-Bit Server VM (25.152-b02 mixed mode windows-amd64 compressed oops)
Heap:
 PSYoungGen      total 156160K, used 66162K [0x00000000e0000000, 0x00000000eb180000, 0x0000000100000000)
  eden space 134656K, 48% used [0x00000000e0000000,0x00000000e3fd4b18,0x00000000e8380000)
  from space 21504K, 3% used [0x00000000e9880000,0x00000000e9948000,0x00000000ead80000)
  to   space 21504K, 0% used [0x00000000e8380000,0x00000000e8380000,0x00000000e9880000)
 ParOldGen       total 146432K, used 84507K [0x00000000a0000000, 0x00000000a8f00000, 0x00000000e0000000)
  object space 146432K, 57% used [0x00000000a0000000,0x00000000a5286f90,0x00000000a8f00000)
 Metaspace       used 76290K, capacity 79364K, committed 79576K, reserved 1118208K
  class space    used 9750K, capacity 10397K, committed 10496K, reserved 1048576K
GC Heap History (10 events):
Event: 1402.108 GC heap before
{Heap before GC invocations=27 (full 3):
 PSYoungGen      total 133120K, used 127205K [0x00000000e0000000, 0x00000000ead80000, 0x0000000100000000)
  eden space 112128K, 100% used [0x00000000e0000000,0x00000000e6d80000,0x00000000e6d80000)
  from space 20992K, 71% used [0x00000000e6d80000,0x00000000e7c39780,0x00000000e8200000)
  to   space 21504K, 0% used [0x00000000e9880000,0x00000000e9880000,0x00000000ead80000)
 ParOldGen       total 146432K, used 70056K [0x00000000a0000000, 0x00000000a8f00000, 0x00000000e0000000)
  object space 146432K, 47% used [0x00000000a0000000,0x00000000a446a3c8,0x00000000a8f00000)
 Metaspace       used 76066K, capacity 79144K, committed 79320K, reserved 1118208K
  class space    used 9745K, capacity 10397K, committed 10496K, reserved 1048576K
Event: 1402.144 GC heap after
Heap after GC invocations=27 (full 3):
 PSYoungGen      total 156160K, used 12658K [0x00000000e0000000, 0x00000000eb180000, 0x0000000100000000)
  eden space 134656K, 0% used [0x00000000e0000000,0x00000000e0000000,0x00000000e8380000)
  from space 21504K, 58% used [0x00000000e9880000,0x00000000ea4dc878,0x00000000ead80000)
  to   space 21504K, 0% used [0x00000000e8380000,0x00000000e8380000,0x00000000e9880000)
 ParOldGen       total 146432K, used 72249K [0x00000000a0000000, 0x00000000a8f00000, 0x00000000e0000000)
  object space 146432K, 49% used [0x00000000a0000000,0x00000000a468e4a8,0x00000000a8f00000)
 Metaspace       used 76066K, capacity 79144K, committed 79320K, reserved 1118208K
  class space    used 9745K, capacity 10397K, committed 10496K, reserved 1048576K
}
Event: 1402.667 GC heap before
{Heap before GC invocations=28 (full 3):
 PSYoungGen      total 156160K, used 147314K [0x00000000e0000000, 0x00000000eb180000, 0x0000000100000000)
  eden space 134656K, 100% used [0x00000000e0000000,0x00000000e8380000,0x00000000e8380000)
  from space 21504K, 58% used [0x00000000e9880000,0x00000000ea4dc878,0x00000000ead80000)
  to   space 21504K, 0% used [0x00000000e8380000,0x00000000e8380000,0x00000000e9880000)
 ParOldGen       total 146432K, used 72249K [0x00000000a0000000, 0x00000000a8f00000, 0x00000000e0000000)
  object space 146432K, 49% used [0x00000000a0000000,0x00000000a468e4a8,0x00000000a8f00000)
 Metaspace       used 76092K, capacity 79208K, committed 79320K, reserved 1118208K
  class space    used 9746K, capacity 10397K, committed 10496K, reserved 1048576K
Event: 1402.687 GC heap after
Heap after GC invocations=28 (full 3):
 PSYoungGen      total 156160K, used 6165K [0x00000000e0000000, 0x00000000eb180000, 0x0000000100000000)
  eden space 134656K, 0% used [0x00000000e0000000,0x00000000e0000000,0x00000000e8380000)
  from space 21504K, 28% used [0x00000000e8380000,0x00000000e8985490,0x00000000e9880000)
  to   space 21504K, 0% used [0x00000000e9880000,0x00000000e9880000,0x00000000ead80000)
 ParOldGen       total 146432K, used 79907K [0x00000000a0000000, 0x00000000a8f00000, 0x00000000e0000000)
  object space 146432K, 54% used [0x00000000a0000000,0x00000000a4e08ed0,0x00000000a8f00000)
 Metaspace       used 76092K, capacity 79208K, committed 79320K, reserved 1118208K
  class space    used 9746K, capacity 10397K, committed 10496K, reserved 1048576K
}
Event: 1403.261 GC heap before
{Heap before GC invocations=29 (full 3):
 PSYoungGen      total 156160K, used 140821K [0x00000000e0000000, 0x00000000eb180000, 0x0000000100000000)
  eden space 134656K, 100% used [0x00000000e0000000,0x00000000e8380000,0x00000000e8380000)
  from space 21504K, 28% used [0x00000000e8380000,0x00000000e8985490,0x00000000e9880000)
  to   space 21504K, 0% used [0x00000000e9880000,0x00000000e9880000,0x00000000ead80000)
 ParOldGen       total 146432K, used 79907K [0x00000000a0000000, 0x00000000a8f00000, 0x00000000e0000000)
  object space 146432K, 54% used [0x00000000a0000000,0x00000000a4e08ed0,0x00000000a8f00000)
 Metaspace       used 76219K, capacity 79284K, committed 79576K, reserved 1118208K
  class space    used 9750K, capacity 10397K, committed 10496K, reserved 1048576K
Event: 1403.276 GC heap after
Heap after GC invocations=29 (full 3):
 PSYoungGen      total 156160K, used 2976K [0x00000000e0000000, 0x00000000eb180000, 0x0000000100000000)
  eden space 134656K, 0% used [0x00000000e0000000,0x00000000e0000000,0x00000000e8380000)
  from space 21504K, 13% used [0x00000000e9880000,0x00000000e9b68080,0x00000000ead80000)
  to   space 21504K, 0% used [0x00000000e8380000,0x00000000e8380000,0x00000000e9880000)
 ParOldGen       total 146432K, used 82587K [0x00000000a0000000, 0x00000000a8f00000, 0x00000000e0000000)
  object space 146432K, 56% used [0x00000000a0000000,0x00000000a50a6f10,0x00000000a8f00000)
 Metaspace       used 76219K, capacity 79284K, committed 79576K, reserved 1118208K
  class space    used 9750K, capacity 10397K, committed 10496K, reserved 1048576K
}
Event: 1404.464 GC heap before
{Heap before GC invocations=30 (full 3):
 PSYoungGen      total 156160K, used 137632K [0x00000000e0000000, 0x00000000eb180000, 0x0000000100000000)
  eden space 134656K, 100% used [0x00000000e0000000,0x00000000e8380000,0x00000000e8380000)
  from space 21504K, 13% used [0x00000000e9880000,0x00000000e9b68080,0x00000000ead80000)
  to   space 21504K, 0% used [0x00000000e8380000,0x00000000e8380000,0x00000000e9880000)
 ParOldGen       total 146432K, used 82587K [0x00000000a0000000, 0x00000000a8f00000, 0x00000000e0000000)
  object space 146432K, 56% used [0x00000000a0000000,0x00000000a50a6f10,0x00000000a8f00000)
 Metaspace       used 76248K, capacity 79356K, committed 79576K, reserved 1118208K
  class space    used 9750K, capacity 10397K, committed 10496K, reserved 1048576K
Event: 1404.486 GC heap after
Heap after GC invocations=30 (full 3):
 PSYoungGen      total 156160K, used 4033K [0x00000000e0000000, 0x00000000eb180000, 0x0000000100000000)
  eden space 134656K, 0% used [0x00000000e0000000,0x00000000e0000000,0x00000000e8380000)
  from space 21504K, 18% used [0x00000000e8380000,0x00000000e8770610,0x00000000e9880000)
  to   space 21504K, 0% used [0x00000000e9880000,0x00000000e9880000,0x00000000ead80000)
 ParOldGen       total 146432K, used 84459K [0x00000000a0000000, 0x00000000a8f00000, 0x00000000e0000000)
  object space 146432K, 57% used [0x00000000a0000000,0x00000000a527af90,0x00000000a8f00000)
 Metaspace       used 76248K, capacity 79356K, committed 79576K, reserved 1118208K
  class space    used 9750K, capacity 10397K, committed 10496K, reserved 1048576K
}
Event: 1404.990 GC heap before
{Heap before GC invocations=31 (full 3):
 PSYoungGen      total 156160K, used 138689K [0x00000000e0000000, 0x00000000eb180000, 0x0000000100000000)
  eden space 134656K, 100% used [0x00000000e0000000,0x00000000e8380000,0x00000000e8380000)
  from space 21504K, 18% used [0x00000000e8380000,0x00000000e8770610,0x00000000e9880000)
  to   space 21504K, 0% used [0x00000000e9880000,0x00000000e9880000,0x00000000ead80000)
 ParOldGen       total 146432K, used 84459K [0x00000000a0000000, 0x00000000a8f00000, 0x00000000e0000000)
  object space 146432K, 57% used [0x00000000a0000000,0x00000000a527af90,0x00000000a8f00000)
 Metaspace       used 76271K, capacity 79360K, committed 79576K, reserved 1118208K
  class space    used 9750K, capacity 10397K, committed 10496K, reserved 1048576K
Event: 1404.994 GC heap after
Heap after GC invocations=31 (full 3):
 PSYoungGen      total 156160K, used 800K [0x00000000e0000000, 0x00000000eb180000, 0x0000000100000000)
  eden space 134656K, 0% used [0x00000000e0000000,0x00000000e0000000,0x00000000e8380000)
  from space 21504K, 3% used [0x00000000e9880000,0x00000000e9948000,0x00000000ead80000)
  to   space 21504K, 0% used [0x00000000e8380000,0x00000000e8380000,0x00000000e9880000)
 ParOldGen       total 146432K, used 84507K [0x00000000a0000000, 0x00000000a8f00000, 0x00000000e0000000)
  object space 146432K, 57% used [0x00000000a0000000,0x00000000a5286f90,0x00000000a8f00000)
 Metaspace       used 76271K, capacity 79360K, committed 79576K, reserved 1118208K
  class space    used 9750K, capacity 10397K, committed 10496K, reserved 1048576K
}

